Sun Apr 18 2021 21:10:28 GMT+0300 (GMT+03:00)
Sun Jul 11 2021 21:10:28 GMT+0300 (GMT+03:00)
Mon Apr 19 2021 21:10:28 GMT+0300 (GMT+03:00)
Mon Jul 12 2021 21:10:28 GMT+0300 (GMT+03:00)
Tue Mar 30 2021 21:10:28 GMT+0300 (GMT+03:00)
Tue Apr 06 2021 21:10:28 GMT+0300 (GMT+03:00)
Tue Apr 20 2021 21:10:28 GMT+0300 (GMT+03:00)
Tue May 04 2021 21:10:28 GMT+0300 (GMT+03:00)
Tue Jun 01 2021 21:10:28 GMT+0300 (GMT+03:00)
Tue Jun 22 2021 21:10:28 GMT+0300 (GMT+03:00)
Tue Jun 29 2021 21:10:28 GMT+0300 (GMT+03:00)
Tue Jul 13 2021 21:10:28 GMT+0300 (GMT+03:00)
Tue Aug 03 2021 21:10:28 GMT+0300 (GMT+03:00)
Tue Aug 10 2021 21:10:28 GMT+0300 (GMT+03:00)
Tue Aug 17 2021 21:10:28 GMT+0300 (GMT+03:00)
Wed Mar 24 2021 21:10:28 GMT+0300 (GMT+03:00)
Wed Apr 14 2021 21:10:28 GMT+0300 (GMT+03:00)
Wed Apr 21 2021 21:10:28 GMT+0300 (GMT+03:00)
Wed May 05 2021 21:10:28 GMT+0300 (GMT+03:00)
Wed Jun 02 2021 21:10:28 GMT+0300 (GMT+03:00)
Wed Jun 16 2021 21:10:28 GMT+0300 (GMT+03:00)
Wed Jul 07 2021 21:10:28 GMT+0300 (GMT+03:00)
Wed Jul 14 2021 21:10:28 GMT+0300 (GMT+03:00)
Wed Jul 28 2021 21:10:28 GMT+0300 (GMT+03:00)
Wed Aug 25 2021 21:10:28 GMT+0300 (GMT+03:00)
Thu Mar 25 2021 21:10:28 GMT+0300 (GMT+03:00)
Thu Apr 22 2021 21:10:28 GMT+0300 (GMT+03:00)
Thu May 06 2021 21:10:28 GMT+0300 (GMT+03:00)
Thu Jun 03 2021 21:10:28 GMT+0300 (GMT+03:00)
Thu Jun 17 2021 21:10:28 GMT+0300 (GMT+03:00)
Thu Jul 15 2021 21:10:28 GMT+0300 (GMT+03:00)
Thu Jul 29 2021 21:10:28 GMT+0300 (GMT+03:00)
Thu Aug 05 2021 21:10:28 GMT+0300 (GMT+03:00)
Thu Aug 12 2021 21:10:28 GMT+0300 (GMT+03:00)
Thu Aug 19 2021 21:10:28 GMT+0300 (GMT+03:00)
Thu Aug 26 2021 21:10:28 GMT+0300 (GMT+03:00)
Fri Mar 26 2021 21:10:28 GMT+0300 (GMT+03:00)
Fri Apr 23 2021 21:10:28 GMT+0300 (GMT+03:00)
